Copyright 1986-2017 Xilinx, Inc. All Rights Reserved.
-----------------------------------------------------------------------------------------------------------------------------------------------------
| Tool Version : Vivado v.2017.4 (win64) Build 2086221 Fri Dec 15 20:55:39 MST 2017
| Date         : Wed Apr 15 17:00:50 2026
| Host         : LAPTOP-JIH8FMEU running 64-bit major release  (build 9200)
| Command      : report_timing_summary -max_paths 10 -file neuron_timing_summary_routed.rpt -rpx neuron_timing_summary_routed.rpx -warn_on_violation
| Design       : neuron
| Device       : 7z020-clg484
| Speed File   : -1  PRODUCTION 1.11 2014-09-11
-----------------------------------------------------------------------------------------------------------------------------------------------------

Timing Summary Report

------------------------------------------------------------------------------------------------
| Timer Settings
| --------------
------------------------------------------------------------------------------------------------

  Enable Multi Corner Analysis               :  Yes
  Enable Pessimism Removal                   :  Yes
  Pessimism Removal Resolution               :  Nearest Common Node
  Enable Input Delay Default Clock           :  No
  Enable Preset / Clear Arcs                 :  No
  Disable Flight Delays                      :  No
  Ignore I/O Paths                           :  No
  Timing Early Launch at Borrowing Latches   :  false

  Corner  Analyze    Analyze    
  Name    Max Paths  Min Paths  
  ------  ---------  ---------  
  Slow    Yes        Yes        
  Fast    Yes        Yes        



check_timing report

Table of Contents
-----------------
1. checking no_clock
2. checking constant_clock
3. checking pulse_width_clock
4. checking unconstrained_internal_endpoints
5. checking no_input_delay
6. checking no_output_delay
7. checking multiple_clock
8. checking generated_clocks
9. checking loops
10. checking partial_input_delay
11. checking partial_output_delay
12. checking latch_loops

1. checking no_clock
--------------------
 There are 0 register/latch pins with no clock.


2. checking constant_clock
--------------------------
 There are 0 register/latch pins with constant_clock.


3. checking pulse_width_clock
-----------------------------
 There are 0 register/latch pins which need pulse_width check


4. checking unconstrained_internal_endpoints
--------------------------------------------
 There are 0 pins that are not constrained for maximum delay.

 There are 0 pins that are not constrained for maximum delay due to constant clock.


5. checking no_input_delay
--------------------------
 There are 18 input ports with no input delay specified. (HIGH)

 There are 0 input ports with no input delay but user has a false path constraint.


6. checking no_output_delay
---------------------------
 There are 17 ports with no output delay specified. (HIGH)

 There are 0 ports with no output delay but user has a false path constraint

 There are 0 ports with no output delay but with a timing clock defined on it or propagating through it


7. checking multiple_clock
--------------------------
 There are 0 register/latch pins with multiple clocks.


8. checking generated_clocks
----------------------------
 There are 0 generated clocks that are not connected to a clock source.


9. checking loops
-----------------
 There are 0 combinational loops in the design.


10. checking partial_input_delay
--------------------------------
 There are 0 input ports with partial input delay specified.


11. checking partial_output_delay
---------------------------------
 There are 0 ports with partial output delay specified.


12. checking latch_loops
------------------------
 There are 0 combinational latch loops in the design through latch input



------------------------------------------------------------------------------------------------
| Design Timing Summary
| ---------------------
------------------------------------------------------------------------------------------------

    WNS(ns)      TNS(ns)  TNS Failing Endpoints  TNS Total Endpoints      WHS(ns)      THS(ns)  THS Failing Endpoints  THS Total Endpoints     WPWS(ns)     TPWS(ns)  TPWS Failing Endpoints  TPWS Total Endpoints  
    -------      -------  ---------------------  -------------------      -------      -------  ---------------------  -------------------     --------     --------  ----------------------  --------------------  
     -0.973      -33.108                     64                  218        0.167        0.000                      0                  218        1.424        0.000                       0                    57  


Timing constraints are not met.


------------------------------------------------------------------------------------------------
| Clock Summary
| -------------
------------------------------------------------------------------------------------------------

Clock  Waveform(ns)         Period(ns)      Frequency(MHz)
-----  ------------         ----------      --------------
clock  {0.000 2.000}        4.000           250.000         


------------------------------------------------------------------------------------------------
| Intra Clock Table
| -----------------
------------------------------------------------------------------------------------------------

Clock             WNS(ns)      TNS(ns)  TNS Failing Endpoints  TNS Total Endpoints      WHS(ns)      THS(ns)  THS Failing Endpoints  THS Total Endpoints     WPWS(ns)     TPWS(ns)  TPWS Failing Endpoints  TPWS Total Endpoints  
-----             -------      -------  ---------------------  -------------------      -------      -------  ---------------------  -------------------     --------     --------  ----------------------  --------------------  
clock              -0.973      -33.108                     64                  218        0.167        0.000                      0                  218        1.424        0.000                       0                    57  


------------------------------------------------------------------------------------------------
| Inter Clock Table
| -----------------
------------------------------------------------------------------------------------------------

From Clock    To Clock          WNS(ns)      TNS(ns)  TNS Failing Endpoints  TNS Total Endpoints      WHS(ns)      THS(ns)  THS Failing Endpoints  THS Total Endpoints  
----------    --------          -------      -------  ---------------------  -------------------      -------      -------  ---------------------  -------------------  


------------------------------------------------------------------------------------------------
| Other Path Groups Table
| -----------------------
------------------------------------------------------------------------------------------------

Path Group    From Clock    To Clock          WNS(ns)      TNS(ns)  TNS Failing Endpoints  TNS Total Endpoints      WHS(ns)      THS(ns)  THS Failing Endpoints  THS Total Endpoints  
----------    ----------    --------          -------      -------  ---------------------  -------------------      -------      -------  ---------------------  -------------------  


------------------------------------------------------------------------------------------------
| Timing Details
| --------------
------------------------------------------------------------------------------------------------


---------------------------------------------------------------------------------------------------
From Clock:  clock
  To Clock:  clock

Setup :           64  Failing Endpoints,  Worst Slack       -0.973ns,  Total Violation      -33.108ns
Hold  :            0  Failing Endpoints,  Worst Slack        0.167ns,  Total Violation        0.000ns
PW    :            0  Failing Endpoints,  Worst Slack        1.424ns,  Total Violation        0.000ns
---------------------------------------------------------------------------------------------------


Max Delay Paths
--------------------------------------------------------------------------------------
Slack (VIOLATED) :        -0.973ns  (required time - arrival time)
  Source:                 mul_reg/CLK
                            (rising edge-triggered cell DSP48E1 clocked by clock  {rise@0.000ns fall@2.000ns period=4.000ns})
  Destination:            comboAdd/C[11]
                            (rising edge-triggered cell DSP48E1 clocked by clock  {rise@0.000ns fall@2.000ns period=4.000ns})
  Path Group:             clock
  Path Type:              Setup (Max at Slow Process Corner)
  Requirement:            4.000ns  (clock rise@4.000ns - clock rise@0.000ns)
  Data Path Delay:        4.683ns  (logic 2.463ns (52.593%)  route 2.220ns (47.407%))
  Logic Levels:           2  (LUT4=1 LUT5=1)
  Clock Path Skew:        -0.021ns (DCD - SCD + CPR)
    Destination Clock Delay (DCD):    4.598ns = ( 8.598 - 4.000 ) 
    Source Clock Delay      (SCD):    5.112ns
    Clock Pessimism Removal (CPR):    0.494ns
  Clock Uncertainty:      0.035ns  ((TSJ^2 + TIJ^2)^1/2 + DJ) / 2 + PE
    Total System Jitter     (TSJ):    0.071ns
    Total Input Jitter      (TIJ):    0.000ns
    Discrete Jitter          (DJ):    0.000ns
    Phase Error              (PE):    0.000ns

    Location             Delay type                Incr(ns)  Path(ns)    Netlist Resource(s)
  -------------------------------------------------------------------    -------------------
                         (clock clock rise edge)      0.000     0.000 r  
    AA9                                               0.000     0.000 r  clk (IN)
                         net (fo=0)                   0.000     0.000    clk
    AA9                  IBUF (Prop_ibuf_I_O)         1.008     1.008 r  clk_IBUF_inst/O
                         net (fo=1, routed)           2.171     3.179    clk_IBUF
    BUFGCTRL_X0Y0        BUFG (Prop_bufg_I_O)         0.101     3.280 r  clk_IBUF_BUFG_inst/O
                         net (fo=56, routed)          1.833     5.112    clk_IBUF_BUFG
    DSP48_X0Y7           DSP48E1                                      r  mul_reg/CLK
  -------------------------------------------------------------------    -------------------
    DSP48_X0Y7           DSP48E1 (Prop_dsp48e1_CLK_P[31])
                                                      2.215     7.327 f  mul_reg/P[31]
                         net (fo=3, routed)           0.899     8.226    p_3_in
    SLICE_X12Y16         LUT4 (Prop_lut4_I1_O)        0.124     8.350 r  comboAdd_i_36/O
                         net (fo=31, routed)          0.920     9.270    comboAdd_i_36_n_0
    SLICE_X13Y17         LUT5 (Prop_lut5_I0_O)        0.124     9.394 r  comboAdd_i_23/O
                         net (fo=2, routed)           0.401     9.795    p_1_in[11]
    DSP48_X0Y6           DSP48E1                                      r  comboAdd/C[11]
  -------------------------------------------------------------------    -------------------

                         (clock clock rise edge)      4.000     4.000 r  
    AA9                                               0.000     4.000 r  clk (IN)
                         net (fo=0)                   0.000     4.000    clk
    AA9                  IBUF (Prop_ibuf_I_O)         0.874     4.874 r  clk_IBUF_inst/O
                         net (fo=1, routed)           1.972     6.846    clk_IBUF
    BUFGCTRL_X0Y0        BUFG (Prop_bufg_I_O)         0.091     6.937 r  clk_IBUF_BUFG_inst/O
                         net (fo=56, routed)          1.661     8.598    clk_IBUF_BUFG
    DSP48_X0Y6           DSP48E1                                      r  comboAdd/CLK
                         clock pessimism              0.494     9.091    
                         clock uncertainty           -0.035     9.056    
    DSP48_X0Y6           DSP48E1 (Setup_dsp48e1_CLK_C[11])
                                                     -0.233     8.823    comboAdd
  -------------------------------------------------------------------
                         required time                          8.823    
                         arrival time                          -9.795    
  -------------------------------------------------------------------
                         slack                                 -0.973    

Slack (VIOLATED) :        -0.970ns  (required time - arrival time)
  Source:                 mul_reg/CLK
                            (rising edge-triggered cell DSP48E1 clocked by clock  {rise@0.000ns fall@2.000ns period=4.000ns})
  Destination:            comboAdd/C[7]
                            (rising edge-triggered cell DSP48E1 clocked by clock  {rise@0.000ns fall@2.000ns period=4.000ns})
  Path Group:             clock
  Path Type:              Setup (Max at Slow Process Corner)
  Requirement:            4.000ns  (clock rise@4.000ns - clock rise@0.000ns)
  Data Path Delay:        4.681ns  (logic 2.463ns (52.616%)  route 2.218ns (47.384%))
  Logic Levels:           2  (LUT4=1 LUT5=1)
  Clock Path Skew:        -0.021ns (DCD - SCD + CPR)
    Destination Clock Delay (DCD):    4.598ns = ( 8.598 - 4.000 ) 
    Source Clock Delay      (SCD):    5.112ns
    Clock Pessimism Removal (CPR):    0.494ns
  Clock Uncertainty:      0.035ns  ((TSJ^2 + TIJ^2)^1/2 + DJ) / 2 + PE
    Total System Jitter     (TSJ):    0.071ns
    Total Input Jitter      (TIJ):    0.000ns
    Discrete Jitter          (DJ):    0.000ns
    Phase Error              (PE):    0.000ns

    Location             Delay type                Incr(ns)  Path(ns)    Netlist Resource(s)
  -------------------------------------------------------------------    -------------------
                         (clock clock rise edge)      0.000     0.000 r  
    AA9                                               0.000     0.000 r  clk (IN)
                         net (fo=0)                   0.000     0.000    clk
    AA9                  IBUF (Prop_ibuf_I_O)         1.008     1.008 r  clk_IBUF_inst/O
                         net (fo=1, routed)           2.171     3.179    clk_IBUF
    BUFGCTRL_X0Y0        BUFG (Prop_bufg_I_O)         0.101     3.280 r  clk_IBUF_BUFG_inst/O
                         net (fo=56, routed)          1.833     5.112    clk_IBUF_BUFG
    DSP48_X0Y7           DSP48E1                                      r  mul_reg/CLK
  -------------------------------------------------------------------    -------------------
    DSP48_X0Y7           DSP48E1 (Prop_dsp48e1_CLK_P[31])
                                                      2.215     7.327 f  mul_reg/P[31]
                         net (fo=3, routed)           0.899     8.226    p_3_in
    SLICE_X12Y16         LUT4 (Prop_lut4_I1_O)        0.124     8.350 r  comboAdd_i_36/O
                         net (fo=31, routed)          0.762     9.112    comboAdd_i_36_n_0
    SLICE_X12Y17         LUT5 (Prop_lut5_I0_O)        0.124     9.236 r  comboAdd_i_27/O
                         net (fo=2, routed)           0.557     9.793    p_1_in[7]
    DSP48_X0Y6           DSP48E1                                      r  comboAdd/C[7]
  -------------------------------------------------------------------    -------------------

                         (clock clock rise edge)      4.000     4.000 r  
    AA9                                               0.000     4.000 r  clk (IN)
                         net (fo=0)                   0.000     4.000    clk
    AA9                  IBUF (Prop_ibuf_I_O)         0.874     4.874 r  clk_IBUF_inst/O
                         net (fo=1, routed)           1.972     6.846    clk_IBUF
    BUFGCTRL_X0Y0        BUFG (Prop_bufg_I_O)         0.091     6.937 r  clk_IBUF_BUFG_inst/O
                         net (fo=56, routed)          1.661     8.598    clk_IBUF_BUFG
    DSP48_X0Y6           DSP48E1                                      r  comboAdd/CLK
                         clock pessimism              0.494     9.091    
                         clock uncertainty           -0.035     9.056    
    DSP48_X0Y6           DSP48E1 (Setup_dsp48e1_CLK_C[7])
                                                     -0.233     8.823    comboAdd
  -------------------------------------------------------------------
                         required time                          8.823    
                         arrival time                          -9.793    
  -------------------------------------------------------------------
                         slack                                 -0.970    

Slack (VIOLATED) :        -0.964ns  (required time - arrival time)
  Source:                 mul_reg/CLK
                            (rising edge-triggered cell DSP48E1 clocked by clock  {rise@0.000ns fall@2.000ns period=4.000ns})
  Destination:            comboAdd/C[10]
                            (rising edge-triggered cell DSP48E1 clocked by clock  {rise@0.000ns fall@2.000ns period=4.000ns})
  Path Group:             clock
  Path Type:              Setup (Max at Slow Process Corner)
  Requirement:            4.000ns  (clock rise@4.000ns - clock rise@0.000ns)
  Data Path Delay:        4.675ns  (logic 2.463ns (52.685%)  route 2.212ns (47.315%))
  Logic Levels:           2  (LUT4=1 LUT5=1)
  Clock Path Skew:        -0.021ns (DCD - SCD + CPR)
    Destination Clock Delay (DCD):    4.598ns = ( 8.598 - 4.000 ) 
    Source Clock Delay      (SCD):    5.112ns
    Clock Pessimism Removal (CPR):    0.494ns
  Clock Uncertainty:      0.035ns  ((TSJ^2 + TIJ^2)^1/2 + DJ) / 2 + PE
    Total System Jitter     (TSJ):    0.071ns
    Total Input Jitter      (TIJ):    0.000ns
    Discrete Jitter          (DJ):    0.000ns
    Phase Error              (PE):    0.000ns

    Location             Delay type                Incr(ns)  Path(ns)    Netlist Resource(s)
  -------------------------------------------------------------------    -------------------
                         (clock clock rise edge)      0.000     0.000 r  
    AA9                                               0.000     0.000 r  clk (IN)
                         net (fo=0)                   0.000     0.000    clk
    AA9                  IBUF (Prop_ibuf_I_O)         1.008     1.008 r  clk_IBUF_inst/O
                         net (fo=1, routed)           2.171     3.179    clk_IBUF
    BUFGCTRL_X0Y0        BUFG (Prop_bufg_I_O)         0.101     3.280 r  clk_IBUF_BUFG_inst/O
                         net (fo=56, routed)          1.833     5.112    clk_IBUF_BUFG
    DSP48_X0Y7           DSP48E1                                      r  mul_reg/CLK
  -------------------------------------------------------------------    -------------------
    DSP48_X0Y7           DSP48E1 (Prop_dsp48e1_CLK_P[31])
                                                      2.215     7.327 f  mul_reg/P[31]
                         net (fo=3, routed)           0.899     8.226    p_3_in
    SLICE_X12Y16         LUT4 (Prop_lut4_I1_O)        0.124     8.350 r  comboAdd_i_36/O
                         net (fo=31, routed)          0.757     9.107    comboAdd_i_36_n_0
    SLICE_X12Y17         LUT5 (Prop_lut5_I0_O)        0.124     9.231 r  comboAdd_i_24/O
                         net (fo=2, routed)           0.556     9.787    p_1_in[10]
    DSP48_X0Y6           DSP48E1                                      r  comboAdd/C[10]
  -------------------------------------------------------------------    -------------------

                         (clock clock rise edge)      4.000     4.000 r  
    AA9                                               0.000     4.000 r  clk (IN)
                         net (fo=0)                   0.000     4.000    clk
    AA9                  IBUF (Prop_ibuf_I_O)         0.874     4.874 r  clk_IBUF_inst/O
                         net (fo=1, routed)           1.972     6.846    clk_IBUF
    BUFGCTRL_X0Y0        BUFG (Prop_bufg_I_O)         0.091     6.937 r  clk_IBUF_BUFG_inst/O
                         net (fo=56, routed)          1.661     8.598    clk_IBUF_BUFG
    DSP48_X0Y6           DSP48E1                                      r  comboAdd/CLK
                         clock pessimism              0.494     9.091    
                         clock uncertainty           -0.035     9.056    
    DSP48_X0Y6           DSP48E1 (Setup_dsp48e1_CLK_C[10])
                                                     -0.233     8.823    comboAdd
  -------------------------------------------------------------------
                         required time                          8.823    
                         arrival time                          -9.787    
  -------------------------------------------------------------------
                         slack                                 -0.964    

Slack (VIOLATED) :        -0.942ns  (required time - arrival time)
  Source:                 mul_reg/CLK
                            (rising edge-triggered cell DSP48E1 clocked by clock  {rise@0.000ns fall@2.000ns period=4.000ns})
  Destination:            comboAdd/C[19]
                            (rising edge-triggered cell DSP48E1 clocked by clock  {rise@0.000ns fall@2.000ns period=4.000ns})
  Path Group:             clock
  Path Type:              Setup (Max at Slow Process Corner)
  Requirement:            4.000ns  (clock rise@4.000ns - clock rise@0.000ns)
  Data Path Delay:        4.652ns  (logic 2.463ns (52.943%)  route 2.189ns (47.057%))
  Logic Levels:           2  (LUT4=1 LUT5=1)
  Clock Path Skew:        -0.021ns (DCD - SCD + CPR)
    Destination Clock Delay (DCD):    4.598ns = ( 8.598 - 4.000 ) 
    Source Clock Delay      (SCD):    5.112ns
    Clock Pessimism Removal (CPR):    0.494ns
  Clock Uncertainty:      0.035ns  ((TSJ^2 + TIJ^2)^1/2 + DJ) / 2 + PE
    Total System Jitter     (TSJ):    0.071ns
    Total Input Jitter      (TIJ):    0.000ns
    Discrete Jitter          (DJ):    0.000ns
    Phase Error              (PE):    0.000ns

    Location             Delay type                Incr(ns)  Path(ns)    Netlist Resource(s)
  -------------------------------------------------------------------    -------------------
                         (clock clock rise edge)      0.000     0.000 r  
    AA9                                               0.000     0.000 r  clk (IN)
                         net (fo=0)                   0.000     0.000    clk
    AA9                  IBUF (Prop_ibuf_I_O)         1.008     1.008 r  clk_IBUF_inst/O
                         net (fo=1, routed)           2.171     3.179    clk_IBUF
    BUFGCTRL_X0Y0        BUFG (Prop_bufg_I_O)         0.101     3.280 r  clk_IBUF_BUFG_inst/O
                         net (fo=56, routed)          1.833     5.112    clk_IBUF_BUFG
    DSP48_X0Y7           DSP48E1                                      r  mul_reg/CLK
  -------------------------------------------------------------------    -------------------
    DSP48_X0Y7           DSP48E1 (Prop_dsp48e1_CLK_P[31])
                                                      2.215     7.327 f  mul_reg/P[31]
                         net (fo=3, routed)           0.899     8.226    p_3_in
    SLICE_X12Y16         LUT4 (Prop_lut4_I1_O)        0.124     8.350 r  comboAdd_i_36/O
                         net (fo=31, routed)          0.875     9.225    comboAdd_i_36_n_0
    SLICE_X13Y18         LUT5 (Prop_lut5_I0_O)        0.124     9.349 r  comboAdd_i_15/O
                         net (fo=2, routed)           0.415     9.764    p_1_in[19]
    DSP48_X0Y6           DSP48E1                                      r  comboAdd/C[19]
  -------------------------------------------------------------------    -------------------

                         (clock clock rise edge)      4.000     4.000 r  
    AA9                                               0.000     4.000 r  clk (IN)
                         net (fo=0)                   0.000     4.000    clk
    AA9                  IBUF (Prop_ibuf_I_O)         0.874     4.874 r  clk_IBUF_inst/O
                         net (fo=1, routed)           1.972     6.846    clk_IBUF
    BUFGCTRL_X0Y0        BUFG (Prop_bufg_I_O)         0.091     6.937 r  clk_IBUF_BUFG_inst/O
                         net (fo=56, routed)          1.661     8.598    clk_IBUF_BUFG
    DSP48_X0Y6           DSP48E1                                      r  comboAdd/CLK
                         clock pessimism              0.494     9.091    
                         clock uncertainty           -0.035     9.056    
    DSP48_X0Y6           DSP48E1 (Setup_dsp48e1_CLK_C[19])
                                                     -0.233     8.823    comboAdd
  -------------------------------------------------------------------
                         required time                          8.823    
                         arrival time                          -9.764    
  -------------------------------------------------------------------
                         slack                                 -0.942    

Slack (VIOLATED) :        -0.933ns  (required time - arrival time)
  Source:                 mul_reg/CLK
                            (rising edge-triggered cell DSP48E1 clocked by clock  {rise@0.000ns fall@2.000ns period=4.000ns})
  Destination:            comboAdd/C[15]
                            (rising edge-triggered cell DSP48E1 clocked by clock  {rise@0.000ns fall@2.000ns period=4.000ns})
  Path Group:             clock
  Path Type:              Setup (Max at Slow Process Corner)
  Requirement:            4.000ns  (clock rise@4.000ns - clock rise@0.000ns)
  Data Path Delay:        4.644ns  (logic 2.463ns (53.036%)  route 2.181ns (46.964%))
  Logic Levels:           2  (LUT4=1 LUT5=1)
  Clock Path Skew:        -0.021ns (DCD - SCD + CPR)
    Destination Clock Delay (DCD):    4.598ns = ( 8.598 - 4.000 ) 
    Source Clock Delay      (SCD):    5.112ns
    Clock Pessimism Removal (CPR):    0.494ns
  Clock Uncertainty:      0.035ns  ((TSJ^2 + TIJ^2)^1/2 + DJ) / 2 + PE
    Total System Jitter     (TSJ):    0.071ns
    Total Input Jitter      (TIJ):    0.000ns
    Discrete Jitter          (DJ):    0.000ns
    Phase Error              (PE):    0.000ns

    Location             Delay type                Incr(ns)  Path(ns)    Netlist Resource(s)
  -------------------------------------------------------------------    -------------------
                         (clock clock rise edge)      0.000     0.000 r  
    AA9                                               0.000     0.000 r  clk (IN)
                         net (fo=0)                   0.000     0.000    clk
    AA9                  IBUF (Prop_ibuf_I_O)         1.008     1.008 r  clk_IBUF_inst/O
                         net (fo=1, routed)           2.171     3.179    clk_IBUF
    BUFGCTRL_X0Y0        BUFG (Prop_bufg_I_O)         0.101     3.280 r  clk_IBUF_BUFG_inst/O
                         net (fo=56, routed)          1.833     5.112    clk_IBUF_BUFG
    DSP48_X0Y7           DSP48E1                                      r  mul_reg/CLK
  -------------------------------------------------------------------    -------------------
    DSP48_X0Y7           DSP48E1 (Prop_dsp48e1_CLK_P[31])
                                                      2.215     7.327 f  mul_reg/P[31]
                         net (fo=3, routed)           0.899     8.226    p_3_in
    SLICE_X12Y16         LUT4 (Prop_lut4_I1_O)        0.124     8.350 r  comboAdd_i_36/O
                         net (fo=31, routed)          0.879     9.229    comboAdd_i_36_n_0
    SLICE_X12Y18         LUT5 (Prop_lut5_I0_O)        0.124     9.353 r  comboAdd_i_19/O
                         net (fo=2, routed)           0.403     9.756    p_1_in[15]
    DSP48_X0Y6           DSP48E1                                      r  comboAdd/C[15]
  -------------------------------------------------------------------    -------------------

                         (clock clock rise edge)      4.000     4.000 r  
    AA9                                               0.000     4.000 r  clk (IN)
                         net (fo=0)                   0.000     4.000    clk
    AA9                  IBUF (Prop_ibuf_I_O)         0.874     4.874 r  clk_IBUF_inst/O
                         net (fo=1, routed)           1.972     6.846    clk_IBUF
    BUFGCTRL_X0Y0        BUFG (Prop_bufg_I_O)         0.091     6.937 r  clk_IBUF_BUFG_inst/O
                         net (fo=56, routed)          1.661     8.598    clk_IBUF_BUFG
    DSP48_X0Y6           DSP48E1                                      r  comboAdd/CLK
                         clock pessimism              0.494     9.091    
                         clock uncertainty           -0.035     9.056    
    DSP48_X0Y6           DSP48E1 (Setup_dsp48e1_CLK_C[15])
                                                     -0.233     8.823    comboAdd
  -------------------------------------------------------------------
                         required time                          8.823    
                         arrival time                          -9.756    
  -------------------------------------------------------------------
                         slack                                 -0.933    

Slack (VIOLATED) :        -0.921ns  (required time - arrival time)
  Source:                 mul_reg/CLK
                            (rising edge-triggered cell DSP48E1 clocked by clock  {rise@0.000ns fall@2.000ns period=4.000ns})
  Destination:            comboAdd/C[17]
                            (rising edge-triggered cell DSP48E1 clocked by clock  {rise@0.000ns fall@2.000ns period=4.000ns})
  Path Group:             clock
  Path Type:              Setup (Max at Slow Process Corner)
  Requirement:            4.000ns  (clock rise@4.000ns - clock rise@0.000ns)
  Data Path Delay:        4.632ns  (logic 2.463ns (53.175%)  route 2.169ns (46.825%))
  Logic Levels:           2  (LUT4=1 LUT5=1)
  Clock Path Skew:        -0.021ns (DCD - SCD + CPR)
    Destination Clock Delay (DCD):    4.598ns = ( 8.598 - 4.000 ) 
    Source Clock Delay      (SCD):    5.112ns
    Clock Pessimism Removal (CPR):    0.494ns
  Clock Uncertainty:      0.035ns  ((TSJ^2 + TIJ^2)^1/2 + DJ) / 2 + PE
    Total System Jitter     (TSJ):    0.071ns
    Total Input Jitter      (TIJ):    0.000ns
    Discrete Jitter          (DJ):    0.000ns
    Phase Error              (PE):    0.000ns

    Location             Delay type                Incr(ns)  Path(ns)    Netlist Resource(s)
  -------------------------------------------------------------------    -------------------
                         (clock clock rise edge)      0.000     0.000 r  
    AA9                                               0.000     0.000 r  clk (IN)
                         net (fo=0)                   0.000     0.000    clk
    AA9                  IBUF (Prop_ibuf_I_O)         1.008     1.008 r  clk_IBUF_inst/O
                         net (fo=1, routed)           2.171     3.179    clk_IBUF
    BUFGCTRL_X0Y0        BUFG (Prop_bufg_I_O)         0.101     3.280 r  clk_IBUF_BUFG_inst/O
                         net (fo=56, routed)          1.833     5.112    clk_IBUF_BUFG
    DSP48_X0Y7           DSP48E1                                      r  mul_reg/CLK
  -------------------------------------------------------------------    -------------------
    DSP48_X0Y7           DSP48E1 (Prop_dsp48e1_CLK_P[31])
                                                      2.215     7.327 f  mul_reg/P[31]
                         net (fo=3, routed)           0.899     8.226    p_3_in
    SLICE_X12Y16         LUT4 (Prop_lut4_I1_O)        0.124     8.350 r  comboAdd_i_36/O
                         net (fo=31, routed)          0.869     9.218    comboAdd_i_36_n_0
    SLICE_X13Y19         LUT5 (Prop_lut5_I0_O)        0.124     9.342 r  comboAdd_i_17/O
                         net (fo=2, routed)           0.402     9.744    p_1_in[17]
    DSP48_X0Y6           DSP48E1                                      r  comboAdd/C[17]
  -------------------------------------------------------------------    -------------------

                         (clock clock rise edge)      4.000     4.000 r  
    AA9                                               0.000     4.000 r  clk (IN)
                         net (fo=0)                   0.000     4.000    clk
    AA9                  IBUF (Prop_ibuf_I_O)         0.874     4.874 r  clk_IBUF_inst/O
                         net (fo=1, routed)           1.972     6.846    clk_IBUF
    BUFGCTRL_X0Y0        BUFG (Prop_bufg_I_O)         0.091     6.937 r  clk_IBUF_BUFG_inst/O
                         net (fo=56, routed)          1.661     8.598    clk_IBUF_BUFG
    DSP48_X0Y6           DSP48E1                                      r  comboAdd/CLK
                         clock pessimism              0.494     9.091    
                         clock uncertainty           -0.035     9.056    
    DSP48_X0Y6           DSP48E1 (Setup_dsp48e1_CLK_C[17])
                                                     -0.233     8.823    comboAdd
  -------------------------------------------------------------------
                         required time                          8.823    
                         arrival time                          -9.744    
  -------------------------------------------------------------------
                         slack                                 -0.921    

Slack (VIOLATED) :        -0.916ns  (required time - arrival time)
  Source:                 mul_reg/CLK
                            (rising edge-triggered cell DSP48E1 clocked by clock  {rise@0.000ns fall@2.000ns period=4.000ns})
  Destination:            comboAdd/C[16]
                            (rising edge-triggered cell DSP48E1 clocked by clock  {rise@0.000ns fall@2.000ns period=4.000ns})
  Path Group:             clock
  Path Type:              Setup (Max at Slow Process Corner)
  Requirement:            4.000ns  (clock rise@4.000ns - clock rise@0.000ns)
  Data Path Delay:        4.627ns  (logic 2.463ns (53.234%)  route 2.164ns (46.766%))
  Logic Levels:           2  (LUT4=1 LUT5=1)
  Clock Path Skew:        -0.021ns (DCD - SCD + CPR)
    Destination Clock Delay (DCD):    4.598ns = ( 8.598 - 4.000 ) 
    Source Clock Delay      (SCD):    5.112ns
    Clock Pessimism Removal (CPR):    0.494ns
  Clock Uncertainty:      0.035ns  ((TSJ^2 + TIJ^2)^1/2 + DJ) / 2 + PE
    Total System Jitter     (TSJ):    0.071ns
    Total Input Jitter      (TIJ):    0.000ns
    Discrete Jitter          (DJ):    0.000ns
    Phase Error              (PE):    0.000ns

    Location             Delay type                Incr(ns)  Path(ns)    Netlist Resource(s)
  -------------------------------------------------------------------    -------------------
                         (clock clock rise edge)      0.000     0.000 r  
    AA9                                               0.000     0.000 r  clk (IN)
                         net (fo=0)                   0.000     0.000    clk
    AA9                  IBUF (Prop_ibuf_I_O)         1.008     1.008 r  clk_IBUF_inst/O
                         net (fo=1, routed)           2.171     3.179    clk_IBUF
    BUFGCTRL_X0Y0        BUFG (Prop_bufg_I_O)         0.101     3.280 r  clk_IBUF_BUFG_inst/O
                         net (fo=56, routed)          1.833     5.112    clk_IBUF_BUFG
    DSP48_X0Y7           DSP48E1                                      r  mul_reg/CLK
  -------------------------------------------------------------------    -------------------
    DSP48_X0Y7           DSP48E1 (Prop_dsp48e1_CLK_P[31])
                                                      2.215     7.327 f  mul_reg/P[31]
                         net (fo=3, routed)           0.899     8.226    p_3_in
    SLICE_X12Y16         LUT4 (Prop_lut4_I1_O)        0.124     8.350 r  comboAdd_i_36/O
                         net (fo=31, routed)          0.863     9.212    comboAdd_i_36_n_0
    SLICE_X13Y19         LUT5 (Prop_lut5_I0_O)        0.124     9.336 r  comboAdd_i_18/O
                         net (fo=2, routed)           0.403     9.739    p_1_in[16]
    DSP48_X0Y6           DSP48E1                                      r  comboAdd/C[16]
  -------------------------------------------------------------------    -------------------

                         (clock clock rise edge)      4.000     4.000 r  
    AA9                                               0.000     4.000 r  clk (IN)
                         net (fo=0)                   0.000     4.000    clk
    AA9                  IBUF (Prop_ibuf_I_O)         0.874     4.874 r  clk_IBUF_inst/O
                         net (fo=1, routed)           1.972     6.846    clk_IBUF
    BUFGCTRL_X0Y0        BUFG (Prop_bufg_I_O)         0.091     6.937 r  clk_IBUF_BUFG_inst/O
                         net (fo=56, routed)          1.661     8.598    clk_IBUF_BUFG
    DSP48_X0Y6           DSP48E1                                      r  comboAdd/CLK
                         clock pessimism              0.494     9.091    
                         clock uncertainty           -0.035     9.056    
    DSP48_X0Y6           DSP48E1 (Setup_dsp48e1_CLK_C[16])
                                                     -0.233     8.823    comboAdd
  -------------------------------------------------------------------
                         required time                          8.823    
                         arrival time                          -9.739    
  -------------------------------------------------------------------
                         slack                                 -0.916    

Slack (VIOLATED) :        -0.912ns  (required time - arrival time)
  Source:                 mul_reg/CLK
                            (rising edge-triggered cell DSP48E1 clocked by clock  {rise@0.000ns fall@2.000ns period=4.000ns})
  Destination:            comboAdd/C[6]
                            (rising edge-triggered cell DSP48E1 clocked by clock  {rise@0.000ns fall@2.000ns period=4.000ns})
  Path Group:             clock
  Path Type:              Setup (Max at Slow Process Corner)
  Requirement:            4.000ns  (clock rise@4.000ns - clock rise@0.000ns)
  Data Path Delay:        4.623ns  (logic 2.463ns (53.280%)  route 2.160ns (46.720%))
  Logic Levels:           2  (LUT4=1 LUT5=1)
  Clock Path Skew:        -0.021ns (DCD - SCD + CPR)
    Destination Clock Delay (DCD):    4.598ns = ( 8.598 - 4.000 ) 
    Source Clock Delay      (SCD):    5.112ns
    Clock Pessimism Removal (CPR):    0.494ns
  Clock Uncertainty:      0.035ns  ((TSJ^2 + TIJ^2)^1/2 + DJ) / 2 + PE
    Total System Jitter     (TSJ):    0.071ns
    Total Input Jitter      (TIJ):    0.000ns
    Discrete Jitter          (DJ):    0.000ns
    Phase Error              (PE):    0.000ns

    Location             Delay type                Incr(ns)  Path(ns)    Netlist Resource(s)
  -------------------------------------------------------------------    -------------------
                         (clock clock rise edge)      0.000     0.000 r  
    AA9                                               0.000     0.000 r  clk (IN)
                         net (fo=0)                   0.000     0.000    clk
    AA9                  IBUF (Prop_ibuf_I_O)         1.008     1.008 r  clk_IBUF_inst/O
                         net (fo=1, routed)           2.171     3.179    clk_IBUF
    BUFGCTRL_X0Y0        BUFG (Prop_bufg_I_O)         0.101     3.280 r  clk_IBUF_BUFG_inst/O
                         net (fo=56, routed)          1.833     5.112    clk_IBUF_BUFG
    DSP48_X0Y7           DSP48E1                                      r  mul_reg/CLK
  -------------------------------------------------------------------    -------------------
    DSP48_X0Y7           DSP48E1 (Prop_dsp48e1_CLK_P[31])
                                                      2.215     7.327 f  mul_reg/P[31]
                         net (fo=3, routed)           0.899     8.226    p_3_in
    SLICE_X12Y16         LUT4 (Prop_lut4_I1_O)        0.124     8.350 r  comboAdd_i_36/O
                         net (fo=31, routed)          0.856     9.206    comboAdd_i_36_n_0
    SLICE_X11Y15         LUT5 (Prop_lut5_I0_O)        0.124     9.330 r  comboAdd_i_28/O
                         net (fo=2, routed)           0.405     9.735    p_1_in[6]
    DSP48_X0Y6           DSP48E1                                      r  comboAdd/C[6]
  -------------------------------------------------------------------    -------------------

                         (clock clock rise edge)      4.000     4.000 r  
    AA9                                               0.000     4.000 r  clk (IN)
                         net (fo=0)                   0.000     4.000    clk
    AA9                  IBUF (Prop_ibuf_I_O)         0.874     4.874 r  clk_IBUF_inst/O
                         net (fo=1, routed)           1.972     6.846    clk_IBUF
    BUFGCTRL_X0Y0        BUFG (Prop_bufg_I_O)         0.091     6.937 r  clk_IBUF_BUFG_inst/O
                         net (fo=56, routed)          1.661     8.598    clk_IBUF_BUFG
    DSP48_X0Y6           DSP48E1                                      r  comboAdd/CLK
                         clock pessimism              0.494     9.091    
                         clock uncertainty           -0.035     9.056    
    DSP48_X0Y6           DSP48E1 (Setup_dsp48e1_CLK_C[6])
                                                     -0.233     8.823    comboAdd
  -------------------------------------------------------------------
                         required time                          8.823    
                         arrival time                          -9.735    
  -------------------------------------------------------------------
                         slack                                 -0.912    

Slack (VIOLATED) :        -0.872ns  (required time - arrival time)
  Source:                 mul_reg/CLK
                            (rising edge-triggered cell DSP48E1 clocked by clock  {rise@0.000ns fall@2.000ns period=4.000ns})
  Destination:            comboAdd/C[26]
                            (rising edge-triggered cell DSP48E1 clocked by clock  {rise@0.000ns fall@2.000ns period=4.000ns})
  Path Group:             clock
  Path Type:              Setup (Max at Slow Process Corner)
  Requirement:            4.000ns  (clock rise@4.000ns - clock rise@0.000ns)
  Data Path Delay:        4.582ns  (logic 2.463ns (53.751%)  route 2.119ns (46.249%))
  Logic Levels:           2  (LUT4=1 LUT5=1)
  Clock Path Skew:        -0.021ns (DCD - SCD + CPR)
    Destination Clock Delay (DCD):    4.598ns = ( 8.598 - 4.000 ) 
    Source Clock Delay      (SCD):    5.112ns
    Clock Pessimism Removal (CPR):    0.494ns
  Clock Uncertainty:      0.035ns  ((TSJ^2 + TIJ^2)^1/2 + DJ) / 2 + PE
    Total System Jitter     (TSJ):    0.071ns
    Total Input Jitter      (TIJ):    0.000ns
    Discrete Jitter          (DJ):    0.000ns
    Phase Error              (PE):    0.000ns

    Location             Delay type                Incr(ns)  Path(ns)    Netlist Resource(s)
  -------------------------------------------------------------------    -------------------
                         (clock clock rise edge)      0.000     0.000 r  
    AA9                                               0.000     0.000 r  clk (IN)
                         net (fo=0)                   0.000     0.000    clk
    AA9                  IBUF (Prop_ibuf_I_O)         1.008     1.008 r  clk_IBUF_inst/O
                         net (fo=1, routed)           2.171     3.179    clk_IBUF
    BUFGCTRL_X0Y0        BUFG (Prop_bufg_I_O)         0.101     3.280 r  clk_IBUF_BUFG_inst/O
                         net (fo=56, routed)          1.833     5.112    clk_IBUF_BUFG
    DSP48_X0Y7           DSP48E1                                      r  mul_reg/CLK
  -------------------------------------------------------------------    -------------------
    DSP48_X0Y7           DSP48E1 (Prop_dsp48e1_CLK_P[31])
                                                      2.215     7.327 f  mul_reg/P[31]
                         net (fo=3, routed)           0.899     8.226    p_3_in
    SLICE_X12Y16         LUT4 (Prop_lut4_I1_O)        0.124     8.350 r  comboAdd_i_36/O
                         net (fo=31, routed)          0.803     9.152    comboAdd_i_36_n_0
    SLICE_X12Y15         LUT5 (Prop_lut5_I0_O)        0.124     9.276 r  comboAdd_i_8/O
                         net (fo=2, routed)           0.418     9.694    p_1_in[26]
    DSP48_X0Y6           DSP48E1                                      r  comboAdd/C[26]
  -------------------------------------------------------------------    -------------------

                         (clock clock rise edge)      4.000     4.000 r  
    AA9                                               0.000     4.000 r  clk (IN)
                         net (fo=0)                   0.000     4.000    clk
    AA9                  IBUF (Prop_ibuf_I_O)         0.874     4.874 r  clk_IBUF_inst/O
                         net (fo=1, routed)           1.972     6.846    clk_IBUF
    BUFGCTRL_X0Y0        BUFG (Prop_bufg_I_O)         0.091     6.937 r  clk_IBUF_BUFG_inst/O
                         net (fo=56, routed)          1.661     8.598    clk_IBUF_BUFG
    DSP48_X0Y6           DSP48E1                                      r  comboAdd/CLK
                         clock pessimism              0.494     9.091    
                         clock uncertainty           -0.035     9.056    
    DSP48_X0Y6           DSP48E1 (Setup_dsp48e1_CLK_C[26])
                                                     -0.233     8.823    comboAdd
  -------------------------------------------------------------------
                         required time                          8.823    
                         arrival time                          -9.694    
  -------------------------------------------------------------------
                         slack                                 -0.872    

Slack (VIOLATED) :        -0.869ns  (required time - arrival time)
  Source:                 mul_reg/CLK
                            (rising edge-triggered cell DSP48E1 clocked by clock  {rise@0.000ns fall@2.000ns period=4.000ns})
  Destination:            comboAdd/C[12]
                            (rising edge-triggered cell DSP48E1 clocked by clock  {rise@0.000ns fall@2.000ns period=4.000ns})
  Path Group:             clock
  Path Type:              Setup (Max at Slow Process Corner)
  Requirement:            4.000ns  (clock rise@4.000ns - clock rise@0.000ns)
  Data Path Delay:        4.579ns  (logic 2.463ns (53.786%)  route 2.116ns (46.214%))
  Logic Levels:           2  (LUT4=1 LUT5=1)
  Clock Path Skew:        -0.021ns (DCD - SCD + CPR)
    Destination Clock Delay (DCD):    4.598ns = ( 8.598 - 4.000 ) 
    Source Clock Delay      (SCD):    5.112ns
    Clock Pessimism Removal (CPR):    0.494ns
  Clock Uncertainty:      0.035ns  ((TSJ^2 + TIJ^2)^1/2 + DJ) / 2 + PE
    Total System Jitter     (TSJ):    0.071ns
    Total Input Jitter      (TIJ):    0.000ns
    Discrete Jitter          (DJ):    0.000ns
    Phase Error              (PE):    0.000ns

    Location             Delay type                Incr(ns)  Path(ns)    Netlist Resource(s)
  -------------------------------------------------------------------    -------------------
                         (clock clock rise edge)      0.000     0.000 r  
    AA9                                               0.000     0.000 r  clk (IN)
                         net (fo=0)                   0.000     0.000    clk
    AA9                  IBUF (Prop_ibuf_I_O)         1.008     1.008 r  clk_IBUF_inst/O
                         net (fo=1, routed)           2.171     3.179    clk_IBUF
    BUFGCTRL_X0Y0        BUFG (Prop_bufg_I_O)         0.101     3.280 r  clk_IBUF_BUFG_inst/O
                         net (fo=56, routed)          1.833     5.112    clk_IBUF_BUFG
    DSP48_X0Y7           DSP48E1                                      r  mul_reg/CLK
  -------------------------------------------------------------------    -------------------
    DSP48_X0Y7           DSP48E1 (Prop_dsp48e1_CLK_P[31])
                                                      2.215     7.327 f  mul_reg/P[31]
                         net (fo=3, routed)           0.899     8.226    p_3_in
    SLICE_X12Y16         LUT4 (Prop_lut4_I1_O)        0.124     8.350 r  comboAdd_i_36/O
                         net (fo=31, routed)          0.815     9.165    comboAdd_i_36_n_0
    SLICE_X12Y18         LUT5 (Prop_lut5_I0_O)        0.124     9.289 r  comboAdd_i_22/O
                         net (fo=2, routed)           0.403     9.691    p_1_in[12]
    DSP48_X0Y6           DSP48E1                                      r  comboAdd/C[12]
  -------------------------------------------------------------------    -------------------

                         (clock clock rise edge)      4.000     4.000 r  
    AA9                                               0.000     4.000 r  clk (IN)
                         net (fo=0)                   0.000     4.000    clk
    AA9                  IBUF (Prop_ibuf_I_O)         0.874     4.874 r  clk_IBUF_inst/O
                         net (fo=1, routed)           1.972     6.846    clk_IBUF
    BUFGCTRL_X0Y0        BUFG (Prop_bufg_I_O)         0.091     6.937 r  clk_IBUF_BUFG_inst/O
                         net (fo=56, routed)          1.661     8.598    clk_IBUF_BUFG
    DSP48_X0Y6           DSP48E1                                      r  comboAdd/CLK
                         clock pessimism              0.494     9.091    
                         clock uncertainty           -0.035     9.056    
    DSP48_X0Y6           DSP48E1 (Setup_dsp48e1_CLK_C[12])
                                                     -0.233     8.823    comboAdd
  -------------------------------------------------------------------
                         required time                          8.823    
                         arrival time                          -9.691    
  -------------------------------------------------------------------
                         slack                                 -0.869    





Min Delay Paths
--------------------------------------------------------------------------------------
Slack (MET) :             0.167ns  (arrival time - required time)
  Source:                 sum_reg[28]/C
                            (rising edge-triggered cell FDRE clocked by clock  {rise@0.000ns fall@2.000ns period=4.000ns})
  Destination:            siginst.s1/y_reg/ADDRARDADDR[10]
                            (rising edge-triggered cell RAMB18E1 clocked by clock  {rise@0.000ns fall@2.000ns period=4.000ns})
  Path Group:             clock
  Path Type:              Hold (Min at Fast Process Corner)
  Requirement:            0.000ns  (clock rise@0.000ns - clock rise@0.000ns)
  Data Path Delay:        0.420ns  (logic 0.141ns (33.604%)  route 0.279ns (66.396%))
  Logic Levels:           0  
  Clock Path Skew:        0.069ns (DCD - SCD - CPR)
    Destination Clock Delay (DCD):    2.064ns
    Source Clock Delay      (SCD):    1.513ns
    Clock Pessimism Removal (CPR):    0.482ns

    Location             Delay type                Incr(ns)  Path(ns)    Netlist Resource(s)
  -------------------------------------------------------------------    -------------------
                         (clock clock rise edge)      0.000     0.000 r  
    AA9                                               0.000     0.000 r  clk (IN)
                         net (fo=0)                   0.000     0.000    clk
    AA9                  IBUF (Prop_ibuf_I_O)         0.236     0.236 r  clk_IBUF_inst/O
                         net (fo=1, routed)           0.663     0.899    clk_IBUF
    BUFGCTRL_X0Y0        BUFG (Prop_bufg_I_O)         0.026     0.925 r  clk_IBUF_BUFG_inst/O
                         net (fo=56, routed)          0.588     1.513    clk_IBUF_BUFG
    SLICE_X13Y17         FDRE                                         r  sum_reg[28]/C
  -------------------------------------------------------------------    -------------------
    SLICE_X13Y17         FDRE (Prop_fdre_C_Q)         0.141     1.654 r  sum_reg[28]/Q
                         net (fo=2, routed)           0.279     1.932    siginst.s1/Q[6]
    RAMB18_X0Y8          RAMB18E1                                     r  siginst.s1/y_reg/ADDRARDADDR[10]
  -------------------------------------------------------------------    -------------------

                         (clock clock rise edge)      0.000     0.000 r  
    AA9                                               0.000     0.000 r  clk (IN)
                         net (fo=0)                   0.000     0.000    clk
    AA9                  IBUF (Prop_ibuf_I_O)         0.425     0.425 r  clk_IBUF_inst/O
                         net (fo=1, routed)           0.719     1.144    clk_IBUF
    BUFGCTRL_X0Y0        BUFG (Prop_bufg_I_O)         0.029     1.173 r  clk_IBUF_BUFG_inst/O
                         net (fo=56, routed)          0.890     2.064    siginst.s1/CLK
    RAMB18_X0Y8          RAMB18E1                                     r  siginst.s1/y_reg/CLKARDCLK
                         clock pessimism             -0.482     1.582    
    RAMB18_X0Y8          RAMB18E1 (Hold_ramb18e1_CLKARDCLK_ADDRARDADDR[10])
                                                      0.183     1.765    siginst.s1/y_reg
  -------------------------------------------------------------------
                         required time                         -1.765    
                         arrival time                           1.932    
  -------------------------------------------------------------------
                         slack                                  0.167    

Slack (MET) :             0.198ns  (arrival time - required time)
  Source:                 r_addr_reg[8]/C
                            (rising edge-triggered cell FDRE clocked by clock  {rise@0.000ns fall@2.000ns period=4.000ns})
  Destination:            r_addr_reg[10]/D
                            (rising edge-triggered cell FDRE clocked by clock  {rise@0.000ns fall@2.000ns period=4.000ns})
  Path Group:             clock
  Path Type:              Hold (Min at Fast Process Corner)
  Requirement:            0.000ns  (clock rise@0.000ns - clock rise@0.000ns)
  Data Path Delay:        0.353ns  (logic 0.209ns (59.213%)  route 0.144ns (40.787%))
  Logic Levels:           1  (LUT6=1)
  Clock Path Skew:        0.034ns (DCD - SCD - CPR)
    Destination Clock Delay (DCD):    2.029ns
    Source Clock Delay      (SCD):    1.514ns
    Clock Pessimism Removal (CPR):    0.482ns

    Location             Delay type                Incr(ns)  Path(ns)    Netlist Resource(s)
  -------------------------------------------------------------------    -------------------
                         (clock clock rise edge)      0.000     0.000 r  
    AA9                                               0.000     0.000 r  clk (IN)
                         net (fo=0)                   0.000     0.000    clk
    AA9                  IBUF (Prop_ibuf_I_O)         0.236     0.236 r  clk_IBUF_inst/O
                         net (fo=1, routed)           0.663     0.899    clk_IBUF
    BUFGCTRL_X0Y0        BUFG (Prop_bufg_I_O)         0.026     0.925 r  clk_IBUF_BUFG_inst/O
                         net (fo=56, routed)          0.589     1.514    clk_IBUF_BUFG
    SLICE_X8Y16          FDRE                                         r  r_addr_reg[8]/C
  -------------------------------------------------------------------    -------------------
    SLICE_X8Y16          FDRE (Prop_fdre_C_Q)         0.164     1.678 r  r_addr_reg[8]/Q
                         net (fo=6, routed)           0.144     1.822    r_addr_reg__0[8]
    SLICE_X10Y16         LUT6 (Prop_lut6_I1_O)        0.045     1.867 r  r_addr[10]_i_1/O
                         net (fo=1, routed)           0.000     1.867    p_0_in__0[10]
    SLICE_X10Y16         FDRE                                         r  r_addr_reg[10]/D
  -------------------------------------------------------------------    -------------------

                         (clock clock rise edge)      0.000     0.000 r  
    AA9                                               0.000     0.000 r  clk (IN)
                         net (fo=0)                   0.000     0.000    clk
    AA9                  IBUF (Prop_ibuf_I_O)         0.425     0.425 r  clk_IBUF_inst/O
                         net (fo=1, routed)           0.719     1.144    clk_IBUF
    BUFGCTRL_X0Y0        BUFG (Prop_bufg_I_O)         0.029     1.173 r  clk_IBUF_BUFG_inst/O
                         net (fo=56, routed)          0.856     2.029    clk_IBUF_BUFG
    SLICE_X10Y16         FDRE                                         r  r_addr_reg[10]/C
                         clock pessimism             -0.482     1.548    
    SLICE_X10Y16         FDRE (Hold_fdre_C_D)         0.121     1.669    r_addr_reg[10]
  -------------------------------------------------------------------
                         required time                         -1.669    
                         arrival time                           1.867    
  -------------------------------------------------------------------
                         slack                                  0.198    

Slack (MET) :             0.203ns  (arrival time - required time)
  Source:                 mult_valid_reg/C
                            (rising edge-triggered cell FDRE clocked by clock  {rise@0.000ns fall@2.000ns period=4.000ns})
  Destination:            muxValid_d_reg/D
                            (rising edge-triggered cell FDRE clocked by clock  {rise@0.000ns fall@2.000ns period=4.000ns})
  Path Group:             clock
  Path Type:              Hold (Min at Fast Process Corner)
  Requirement:            0.000ns  (clock rise@0.000ns - clock rise@0.000ns)
  Data Path Delay:        0.279ns  (logic 0.141ns (50.611%)  route 0.138ns (49.389%))
  Logic Levels:           0  
  Clock Path Skew:        0.016ns (DCD - SCD - CPR)
    Destination Clock Delay (DCD):    2.030ns
    Source Clock Delay      (SCD):    1.513ns
    Clock Pessimism Removal (CPR):    0.502ns

    Location             Delay type                Incr(ns)  Path(ns)    Netlist Resource(s)
  -------------------------------------------------------------------    -------------------
                         (clock clock rise edge)      0.000     0.000 r  
    AA9                                               0.000     0.000 r  clk (IN)
                         net (fo=0)                   0.000     0.000    clk
    AA9                  IBUF (Prop_ibuf_I_O)         0.236     0.236 r  clk_IBUF_inst/O
                         net (fo=1, routed)           0.663     0.899    clk_IBUF
    BUFGCTRL_X0Y0        BUFG (Prop_bufg_I_O)         0.026     0.925 r  clk_IBUF_BUFG_inst/O
                         net (fo=56, routed)          0.588     1.513    clk_IBUF_BUFG
    SLICE_X11Y17         FDRE                                         r  mult_valid_reg/C
  -------------------------------------------------------------------    -------------------
    SLICE_X11Y17         FDRE (Prop_fdre_C_Q)         0.141     1.654 r  mult_valid_reg/Q
                         net (fo=3, routed)           0.138     1.791    mult_valid
    SLICE_X10Y15         FDRE                                         r  muxValid_d_reg/D
  -------------------------------------------------------------------    -------------------

                         (clock clock rise edge)      0.000     0.000 r  
    AA9                                               0.000     0.000 r  clk (IN)
                         net (fo=0)                   0.000     0.000    clk
    AA9                  IBUF (Prop_ibuf_I_O)         0.425     0.425 r  clk_IBUF_inst/O
                         net (fo=1, routed)           0.719     1.144    clk_IBUF
    BUFGCTRL_X0Y0        BUFG (Prop_bufg_I_O)         0.029     1.173 r  clk_IBUF_BUFG_inst/O
                         net (fo=56, routed)          0.857     2.030    clk_IBUF_BUFG
    SLICE_X10Y15         FDRE                                         r  muxValid_d_reg/C
                         clock pessimism             -0.502     1.529    
    SLICE_X10Y15         FDRE (Hold_fdre_C_D)         0.060     1.589    muxValid_d_reg
  -------------------------------------------------------------------
                         required time                         -1.589    
                         arrival time                           1.791    
  -------------------------------------------------------------------
                         slack                                  0.203    

Slack (MET) :             0.225ns  (arrival time - required time)
  Source:                 sum_reg[7]/C
                            (rising edge-triggered cell FDRE clocked by clock  {rise@0.000ns fall@2.000ns period=4.000ns})
  Destination:            sum_reg[7]/D
                            (rising edge-triggered cell FDRE clocked by clock  {rise@0.000ns fall@2.000ns period=4.000ns})
  Path Group:             clock
  Path Type:              Hold (Min at Fast Process Corner)
  Requirement:            0.000ns  (clock rise@0.000ns - clock rise@0.000ns)
  Data Path Delay:        0.346ns  (logic 0.209ns (60.386%)  route 0.137ns (39.614%))
  Logic Levels:           1  (LUT5=1)
  Clock Path Skew:        0.000ns (DCD - SCD - CPR)
    Destination Clock Delay (DCD):    2.028ns
    Source Clock Delay      (SCD):    1.513ns
    Clock Pessimism Removal (CPR):    0.516ns

    Location             Delay type                Incr(ns)  Path(ns)    Netlist Resource(s)
  -------------------------------------------------------------------    -------------------
                         (clock clock rise edge)      0.000     0.000 r  
    AA9                                               0.000     0.000 r  clk (IN)
                         net (fo=0)                   0.000     0.000    clk
    AA9                  IBUF (Prop_ibuf_I_O)         0.236     0.236 r  clk_IBUF_inst/O
                         net (fo=1, routed)           0.663     0.899    clk_IBUF
    BUFGCTRL_X0Y0        BUFG (Prop_bufg_I_O)         0.026     0.925 r  clk_IBUF_BUFG_inst/O
                         net (fo=56, routed)          0.588     1.513    clk_IBUF_BUFG
    SLICE_X12Y17         FDRE                                         r  sum_reg[7]/C
  -------------------------------------------------------------------    -------------------
    SLICE_X12Y17         FDRE (Prop_fdre_C_Q)         0.164     1.677 r  sum_reg[7]/Q
                         net (fo=1, routed)           0.137     1.814    sum[7]
    SLICE_X12Y17         LUT5 (Prop_lut5_I3_O)        0.045     1.859 r  comboAdd_i_27/O
                         net (fo=2, routed)           0.000     1.859    p_1_in[7]
    SLICE_X12Y17         FDRE                                         r  sum_reg[7]/D
  -------------------------------------------------------------------    -------------------

                         (clock clock rise edge)      0.000     0.000 r  
    AA9                                               0.000     0.000 r  clk (IN)
                         net (fo=0)                   0.000     0.000    clk
    AA9                  IBUF (Prop_ibuf_I_O)         0.425     0.425 r  clk_IBUF_inst/O
                         net (fo=1, routed)           0.719     1.144    clk_IBUF
    BUFGCTRL_X0Y0        BUFG (Prop_bufg_I_O)         0.029     1.173 r  clk_IBUF_BUFG_inst/O
                         net (fo=56, routed)          0.855     2.028    clk_IBUF_BUFG
    SLICE_X12Y17         FDRE                                         r  sum_reg[7]/C
                         clock pessimism             -0.516     1.513    
    SLICE_X12Y17         FDRE (Hold_fdre_C_D)         0.121     1.634    sum_reg[7]
  -------------------------------------------------------------------
                         required time                         -1.634    
                         arrival time                           1.859    
  -------------------------------------------------------------------
                         slack                                  0.225    

Slack (MET) :             0.238ns  (arrival time - required time)
  Source:                 r_addr_reg[8]/C
                            (rising edge-triggered cell FDRE clocked by clock  {rise@0.000ns fall@2.000ns period=4.000ns})
  Destination:            r_addr_reg[9]/D
                            (rising edge-triggered cell FDRE clocked by clock  {rise@0.000ns fall@2.000ns period=4.000ns})
  Path Group:             clock
  Path Type:              Hold (Min at Fast Process Corner)
  Requirement:            0.000ns  (clock rise@0.000ns - clock rise@0.000ns)
  Data Path Delay:        0.369ns  (logic 0.208ns (56.312%)  route 0.161ns (43.688%))
  Logic Levels:           1  (LUT5=1)
  Clock Path Skew:        0.000ns (DCD - SCD - CPR)
    Destination Clock Delay (DCD):    2.029ns
    Source Clock Delay      (SCD):    1.514ns
    Clock Pessimism Removal (CPR):    0.516ns

    Location             Delay type                Incr(ns)  Path(ns)    Netlist Resource(s)
  -------------------------------------------------------------------    -------------------
                         (clock clock rise edge)      0.000     0.000 r  
    AA9                                               0.000     0.000 r  clk (IN)
                         net (fo=0)                   0.000     0.000    clk
    AA9                  IBUF (Prop_ibuf_I_O)         0.236     0.236 r  clk_IBUF_inst/O
                         net (fo=1, routed)           0.663     0.899    clk_IBUF
    BUFGCTRL_X0Y0        BUFG (Prop_bufg_I_O)         0.026     0.925 r  clk_IBUF_BUFG_inst/O
                         net (fo=56, routed)          0.589     1.514    clk_IBUF_BUFG
    SLICE_X8Y16          FDRE                                         r  r_addr_reg[8]/C
  -------------------------------------------------------------------    -------------------
    SLICE_X8Y16          FDRE (Prop_fdre_C_Q)         0.164     1.678 r  r_addr_reg[8]/Q
                         net (fo=6, routed)           0.161     1.839    r_addr_reg__0[8]
    SLICE_X8Y16          LUT5 (Prop_lut5_I3_O)        0.044     1.883 r  r_addr[9]_i_1/O
                         net (fo=1, routed)           0.000     1.883    r_addr[9]_i_1_n_0
    SLICE_X8Y16          FDRE                                         r  r_addr_reg[9]/D
  -------------------------------------------------------------------    -------------------

                         (clock clock rise edge)      0.000     0.000 r  
    AA9                                               0.000     0.000 r  clk (IN)
                         net (fo=0)                   0.000     0.000    clk
    AA9                  IBUF (Prop_ibuf_I_O)         0.425     0.425 r  clk_IBUF_inst/O
                         net (fo=1, routed)           0.719     1.144    clk_IBUF
    BUFGCTRL_X0Y0        BUFG (Prop_bufg_I_O)         0.029     1.173 r  clk_IBUF_BUFG_inst/O
                         net (fo=56, routed)          0.856     2.029    clk_IBUF_BUFG
    SLICE_X8Y16          FDRE                                         r  r_addr_reg[9]/C
                         clock pessimism             -0.516     1.514    
    SLICE_X8Y16          FDRE (Hold_fdre_C_D)         0.131     1.645    r_addr_reg[9]
  -------------------------------------------------------------------
                         required time                         -1.645    
                         arrival time                           1.883    
  -------------------------------------------------------------------
                         slack                                  0.238    

Slack (MET) :             0.240ns  (arrival time - required time)
  Source:                 sum_reg[22]/C
                            (rising edge-triggered cell FDRE clocked by clock  {rise@0.000ns fall@2.000ns period=4.000ns})
  Destination:            siginst.s1/y_reg/ADDRARDADDR[4]
                            (rising edge-triggered cell RAMB18E1 clocked by clock  {rise@0.000ns fall@2.000ns period=4.000ns})
  Path Group:             clock
  Path Type:              Hold (Min at Fast Process Corner)
  Requirement:            0.000ns  (clock rise@0.000ns - clock rise@0.000ns)
  Data Path Delay:        0.491ns  (logic 0.141ns (28.728%)  route 0.350ns (71.272%))
  Logic Levels:           0  
  Clock Path Skew:        0.067ns (DCD - SCD - CPR)
    Destination Clock Delay (DCD):    2.064ns
    Source Clock Delay      (SCD):    1.515ns
    Clock Pessimism Removal (CPR):    0.482ns

    Location             Delay type                Incr(ns)  Path(ns)    Netlist Resource(s)
  -------------------------------------------------------------------    -------------------
                         (clock clock rise edge)      0.000     0.000 r  
    AA9                                               0.000     0.000 r  clk (IN)
                         net (fo=0)                   0.000     0.000    clk
    AA9                  IBUF (Prop_ibuf_I_O)         0.236     0.236 r  clk_IBUF_inst/O
                         net (fo=1, routed)           0.663     0.899    clk_IBUF
    BUFGCTRL_X0Y0        BUFG (Prop_bufg_I_O)         0.026     0.925 r  clk_IBUF_BUFG_inst/O
                         net (fo=56, routed)          0.590     1.515    clk_IBUF_BUFG
    SLICE_X13Y15         FDRE                                         r  sum_reg[22]/C
  -------------------------------------------------------------------    -------------------
    SLICE_X13Y15         FDRE (Prop_fdre_C_Q)         0.141     1.656 r  sum_reg[22]/Q
                         net (fo=2, routed)           0.350     2.006    siginst.s1/Q[0]
    RAMB18_X0Y8          RAMB18E1                                     r  siginst.s1/y_reg/ADDRARDADDR[4]
  -------------------------------------------------------------------    -------------------

                         (clock clock rise edge)      0.000     0.000 r  
    AA9                                               0.000     0.000 r  clk (IN)
                         net (fo=0)                   0.000     0.000    clk
    AA9                  IBUF (Prop_ibuf_I_O)         0.425     0.425 r  clk_IBUF_inst/O
                         net (fo=1, routed)           0.719     1.144    clk_IBUF
    BUFGCTRL_X0Y0        BUFG (Prop_bufg_I_O)         0.029     1.173 r  clk_IBUF_BUFG_inst/O
                         net (fo=56, routed)          0.890     2.064    siginst.s1/CLK
    RAMB18_X0Y8          RAMB18E1                                     r  siginst.s1/y_reg/CLKARDCLK
                         clock pessimism             -0.482     1.582    
    RAMB18_X0Y8          RAMB18E1 (Hold_ramb18e1_CLKARDCLK_ADDRARDADDR[4])
                                                      0.183     1.765    siginst.s1/y_reg
  -------------------------------------------------------------------
                         required time                         -1.765    
                         arrival time                           2.006    
  -------------------------------------------------------------------
                         slack                                  0.240    

Slack (MET) :             0.249ns  (arrival time - required time)
  Source:                 r_addr_reg[8]/C
                            (rising edge-triggered cell FDRE clocked by clock  {rise@0.000ns fall@2.000ns period=4.000ns})
  Destination:            r_addr_reg[8]/D
                            (rising edge-triggered cell FDRE clocked by clock  {rise@0.000ns fall@2.000ns period=4.000ns})
  Path Group:             clock
  Path Type:              Hold (Min at Fast Process Corner)
  Requirement:            0.000ns  (clock rise@0.000ns - clock rise@0.000ns)
  Data Path Delay:        0.370ns  (logic 0.209ns (56.430%)  route 0.161ns (43.570%))
  Logic Levels:           1  (LUT4=1)
  Clock Path Skew:        0.000ns (DCD - SCD - CPR)
    Destination Clock Delay (DCD):    2.029ns
    Source Clock Delay      (SCD):    1.514ns
    Clock Pessimism Removal (CPR):    0.516ns

    Location             Delay type                Incr(ns)  Path(ns)    Netlist Resource(s)
  -------------------------------------------------------------------    -------------------
                         (clock clock rise edge)      0.000     0.000 r  
    AA9                                               0.000     0.000 r  clk (IN)
                         net (fo=0)                   0.000     0.000    clk
    AA9                  IBUF (Prop_ibuf_I_O)         0.236     0.236 r  clk_IBUF_inst/O
                         net (fo=1, routed)           0.663     0.899    clk_IBUF
    BUFGCTRL_X0Y0        BUFG (Prop_bufg_I_O)         0.026     0.925 r  clk_IBUF_BUFG_inst/O
                         net (fo=56, routed)          0.589     1.514    clk_IBUF_BUFG
    SLICE_X8Y16          FDRE                                         r  r_addr_reg[8]/C
  -------------------------------------------------------------------    -------------------
    SLICE_X8Y16          FDRE (Prop_fdre_C_Q)         0.164     1.678 r  r_addr_reg[8]/Q
                         net (fo=6, routed)           0.161     1.839    r_addr_reg__0[8]
    SLICE_X8Y16          LUT4 (Prop_lut4_I3_O)        0.045     1.884 r  r_addr[8]_i_1/O
                         net (fo=1, routed)           0.000     1.884    r_addr[8]_i_1_n_0
    SLICE_X8Y16          FDRE                                         r  r_addr_reg[8]/D
  -------------------------------------------------------------------    -------------------

                         (clock clock rise edge)      0.000     0.000 r  
    AA9                                               0.000     0.000 r  clk (IN)
                         net (fo=0)                   0.000     0.000    clk
    AA9                  IBUF (Prop_ibuf_I_O)         0.425     0.425 r  clk_IBUF_inst/O
                         net (fo=1, routed)           0.719     1.144    clk_IBUF
    BUFGCTRL_X0Y0        BUFG (Prop_bufg_I_O)         0.029     1.173 r  clk_IBUF_BUFG_inst/O
                         net (fo=56, routed)          0.856     2.029    clk_IBUF_BUFG
    SLICE_X8Y16          FDRE                                         r  r_addr_reg[8]/C
                         clock pessimism             -0.516     1.514    
    SLICE_X8Y16          FDRE (Hold_fdre_C_D)         0.121     1.635    r_addr_reg[8]
  -------------------------------------------------------------------
                         required time                         -1.635    
                         arrival time                           1.884    
  -------------------------------------------------------------------
                         slack                                  0.249    

Slack (MET) :             0.250ns  (arrival time - required time)
  Source:                 muxValid_d_reg/C
                            (rising edge-triggered cell FDRE clocked by clock  {rise@0.000ns fall@2.000ns period=4.000ns})
  Destination:            muxValid_f_reg/D
                            (rising edge-triggered cell FDRE clocked by clock  {rise@0.000ns fall@2.000ns period=4.000ns})
  Path Group:             clock
  Path Type:              Hold (Min at Fast Process Corner)
  Requirement:            0.000ns  (clock rise@0.000ns - clock rise@0.000ns)
  Data Path Delay:        0.371ns  (logic 0.246ns (66.261%)  route 0.125ns (33.739%))
  Logic Levels:           1  (LUT2=1)
  Clock Path Skew:        0.000ns (DCD - SCD - CPR)
    Destination Clock Delay (DCD):    2.030ns
    Source Clock Delay      (SCD):    1.515ns
    Clock Pessimism Removal (CPR):    0.516ns

    Location             Delay type                Incr(ns)  Path(ns)    Netlist Resource(s)
  -------------------------------------------------------------------    -------------------
                         (clock clock rise edge)      0.000     0.000 r  
    AA9                                               0.000     0.000 r  clk (IN)
                         net (fo=0)                   0.000     0.000    clk
    AA9                  IBUF (Prop_ibuf_I_O)         0.236     0.236 r  clk_IBUF_inst/O
                         net (fo=1, routed)           0.663     0.899    clk_IBUF
    BUFGCTRL_X0Y0        BUFG (Prop_bufg_I_O)         0.026     0.925 r  clk_IBUF_BUFG_inst/O
                         net (fo=56, routed)          0.590     1.515    clk_IBUF_BUFG
    SLICE_X10Y15         FDRE                                         r  muxValid_d_reg/C
  -------------------------------------------------------------------    -------------------
    SLICE_X10Y15         FDRE (Prop_fdre_C_Q)         0.148     1.663 r  muxValid_d_reg/Q
                         net (fo=1, routed)           0.125     1.788    muxValid_d
    SLICE_X10Y15         LUT2 (Prop_lut2_I0_O)        0.098     1.886 r  muxValid_f_i_1/O
                         net (fo=1, routed)           0.000     1.886    muxValid_f0
    SLICE_X10Y15         FDRE                                         r  muxValid_f_reg/D
  -------------------------------------------------------------------    -------------------

                         (clock clock rise edge)      0.000     0.000 r  
    AA9                                               0.000     0.000 r  clk (IN)
                         net (fo=0)                   0.000     0.000    clk
    AA9                  IBUF (Prop_ibuf_I_O)         0.425     0.425 r  clk_IBUF_inst/O
                         net (fo=1, routed)           0.719     1.144    clk_IBUF
    BUFGCTRL_X0Y0        BUFG (Prop_bufg_I_O)         0.029     1.173 r  clk_IBUF_BUFG_inst/O
                         net (fo=56, routed)          0.857     2.030    clk_IBUF_BUFG
    SLICE_X10Y15         FDRE                                         r  muxValid_f_reg/C
                         clock pessimism             -0.516     1.515    
    SLICE_X10Y15         FDRE (Hold_fdre_C_D)         0.121     1.636    muxValid_f_reg
  -------------------------------------------------------------------
                         required time                         -1.636    
                         arrival time                           1.886    
  -------------------------------------------------------------------
                         slack                                  0.250    

Slack (MET) :             0.252ns  (arrival time - required time)
  Source:                 sum_reg[16]/C
                            (rising edge-triggered cell FDRE clocked by clock  {rise@0.000ns fall@2.000ns period=4.000ns})
  Destination:            sum_reg[16]/D
                            (rising edge-triggered cell FDRE clocked by clock  {rise@0.000ns fall@2.000ns period=4.000ns})
  Path Group:             clock
  Path Type:              Hold (Min at Fast Process Corner)
  Requirement:            0.000ns  (clock rise@0.000ns - clock rise@0.000ns)
  Data Path Delay:        0.344ns  (logic 0.186ns (54.053%)  route 0.158ns (45.947%))
  Logic Levels:           1  (LUT5=1)
  Clock Path Skew:        0.000ns (DCD - SCD - CPR)
    Destination Clock Delay (DCD):    2.026ns
    Source Clock Delay      (SCD):    1.511ns
    Clock Pessimism Removal (CPR):    0.516ns

    Location             Delay type                Incr(ns)  Path(ns)    Netlist Resource(s)
  -------------------------------------------------------------------    -------------------
                         (clock clock rise edge)      0.000     0.000 r  
    AA9                                               0.000     0.000 r  clk (IN)
                         net (fo=0)                   0.000     0.000    clk
    AA9                  IBUF (Prop_ibuf_I_O)         0.236     0.236 r  clk_IBUF_inst/O
                         net (fo=1, routed)           0.663     0.899    clk_IBUF
    BUFGCTRL_X0Y0        BUFG (Prop_bufg_I_O)         0.026     0.925 r  clk_IBUF_BUFG_inst/O
                         net (fo=56, routed)          0.586     1.511    clk_IBUF_BUFG
    SLICE_X13Y19         FDRE                                         r  sum_reg[16]/C
  -------------------------------------------------------------------    -------------------
    SLICE_X13Y19         FDRE (Prop_fdre_C_Q)         0.141     1.652 r  sum_reg[16]/Q
                         net (fo=1, routed)           0.158     1.810    sum[16]
    SLICE_X13Y19         LUT5 (Prop_lut5_I3_O)        0.045     1.855 r  comboAdd_i_18/O
                         net (fo=2, routed)           0.000     1.855    p_1_in[16]
    SLICE_X13Y19         FDRE                                         r  sum_reg[16]/D
  -------------------------------------------------------------------    -------------------

                         (clock clock rise edge)      0.000     0.000 r  
    AA9                                               0.000     0.000 r  clk (IN)
                         net (fo=0)                   0.000     0.000    clk
    AA9                  IBUF (Prop_ibuf_I_O)         0.425     0.425 r  clk_IBUF_inst/O
                         net (fo=1, routed)           0.719     1.144    clk_IBUF
    BUFGCTRL_X0Y0        BUFG (Prop_bufg_I_O)         0.029     1.173 r  clk_IBUF_BUFG_inst/O
                         net (fo=56, routed)          0.853     2.026    clk_IBUF_BUFG
    SLICE_X13Y19         FDRE                                         r  sum_reg[16]/C
                         clock pessimism             -0.516     1.511    
    SLICE_X13Y19         FDRE (Hold_fdre_C_D)         0.092     1.603    sum_reg[16]
  -------------------------------------------------------------------
                         required time                         -1.603    
                         arrival time                           1.855    
  -------------------------------------------------------------------
                         slack                                  0.252    

Slack (MET) :             0.252ns  (arrival time - required time)
  Source:                 sum_reg[0]/C
                            (rising edge-triggered cell FDRE clocked by clock  {rise@0.000ns fall@2.000ns period=4.000ns})
  Destination:            sum_reg[0]/D
                            (rising edge-triggered cell FDRE clocked by clock  {rise@0.000ns fall@2.000ns period=4.000ns})
  Path Group:             clock
  Path Type:              Hold (Min at Fast Process Corner)
  Requirement:            0.000ns  (clock rise@0.000ns - clock rise@0.000ns)
  Data Path Delay:        0.372ns  (logic 0.209ns (56.167%)  route 0.163ns (43.833%))
  Logic Levels:           1  (LUT5=1)
  Clock Path Skew:        0.000ns (DCD - SCD - CPR)
    Destination Clock Delay (DCD):    2.030ns
    Source Clock Delay      (SCD):    1.515ns
    Clock Pessimism Removal (CPR):    0.516ns

    Location             Delay type                Incr(ns)  Path(ns)    Netlist Resource(s)
  -------------------------------------------------------------------    -------------------
                         (clock clock rise edge)      0.000     0.000 r  
    AA9                                               0.000     0.000 r  clk (IN)
                         net (fo=0)                   0.000     0.000    clk
    AA9                  IBUF (Prop_ibuf_I_O)         0.236     0.236 r  clk_IBUF_inst/O
                         net (fo=1, routed)           0.663     0.899    clk_IBUF
    BUFGCTRL_X0Y0        BUFG (Prop_bufg_I_O)         0.026     0.925 r  clk_IBUF_BUFG_inst/O
                         net (fo=56, routed)          0.590     1.515    clk_IBUF_BUFG
    SLICE_X12Y15         FDRE                                         r  sum_reg[0]/C
  -------------------------------------------------------------------    -------------------
    SLICE_X12Y15         FDRE (Prop_fdre_C_Q)         0.164     1.679 r  sum_reg[0]/Q
                         net (fo=1, routed)           0.163     1.842    sum[0]
    SLICE_X12Y15         LUT5 (Prop_lut5_I3_O)        0.045     1.887 r  comboAdd_i_34/O
                         net (fo=2, routed)           0.000     1.887    p_1_in[0]
    SLICE_X12Y15         FDRE                                         r  sum_reg[0]/D
  -------------------------------------------------------------------    -------------------

                         (clock clock rise edge)      0.000     0.000 r  
    AA9                                               0.000     0.000 r  clk (IN)
                         net (fo=0)                   0.000     0.000    clk
    AA9                  IBUF (Prop_ibuf_I_O)         0.425     0.425 r  clk_IBUF_inst/O
                         net (fo=1, routed)           0.719     1.144    clk_IBUF
    BUFGCTRL_X0Y0        BUFG (Prop_bufg_I_O)         0.029     1.173 r  clk_IBUF_BUFG_inst/O
                         net (fo=56, routed)          0.857     2.030    clk_IBUF_BUFG
    SLICE_X12Y15         FDRE                                         r  sum_reg[0]/C
                         clock pessimism             -0.516     1.515    
    SLICE_X12Y15         FDRE (Hold_fdre_C_D)         0.120     1.635    sum_reg[0]
  -------------------------------------------------------------------
                         required time                         -1.635    
                         arrival time                           1.887    
  -------------------------------------------------------------------
                         slack                                  0.252    





Pulse Width Checks
--------------------------------------------------------------------------------------
Clock Name:         clock
Waveform(ns):       { 0.000 2.000 }
Period(ns):         4.000
Sources:            { clk }

Check Type        Corner  Lib Pin             Reference Pin  Required(ns)  Actual(ns)  Slack(ns)  Location       Pin
Min Period        n/a     RAMB18E1/CLKARDCLK  n/a            2.576         4.000       1.424      RAMB18_X0Y6    r_addr_reg_rep/CLKARDCLK
Min Period        n/a     RAMB18E1/CLKARDCLK  n/a            2.576         4.000       1.424      RAMB18_X0Y8    siginst.s1/y_reg/CLKARDCLK
Min Period        n/a     BUFG/I              n/a            2.155         4.000       1.845      BUFGCTRL_X0Y0  clk_IBUF_BUFG_inst/I
Min Period        n/a     DSP48E1/CLK         n/a            2.154         4.000       1.846      DSP48_X0Y6     comboAdd/CLK
Min Period        n/a     DSP48E1/CLK         n/a            2.154         4.000       1.846      DSP48_X0Y7     mul_reg/CLK
Min Period        n/a     FDRE/C              n/a            1.000         4.000       3.000      SLICE_X11Y17   mult_valid_reg/C
Min Period        n/a     FDRE/C              n/a            1.000         4.000       3.000      SLICE_X10Y15   muxValid_d_reg/C
Min Period        n/a     FDRE/C              n/a            1.000         4.000       3.000      SLICE_X10Y15   muxValid_f_reg/C
Min Period        n/a     FDRE/C              n/a            1.000         4.000       3.000      SLICE_X11Y16   outvalid_reg/C
Min Period        n/a     FDRE/C              n/a            1.000         4.000       3.000      SLICE_X11Y16   outvalid_reg_lopt_replica/C
Low Pulse Width   Slow    FDRE/C              n/a            0.500         2.000       1.500      SLICE_X10Y14   r_addr_reg[0]/C
Low Pulse Width   Slow    FDRE/C              n/a            0.500         2.000       1.500      SLICE_X10Y14   r_addr_reg[1]/C
Low Pulse Width   Slow    FDRE/C              n/a            0.500         2.000       1.500      SLICE_X10Y14   r_addr_reg[3]/C
Low Pulse Width   Slow    FDRE/C              n/a            0.500         2.000       1.500      SLICE_X10Y14   r_addr_reg[4]/C
Low Pulse Width   Slow    FDRE/C              n/a            0.500         2.000       1.500      SLICE_X11Y14   r_addr_reg[5]/C
Low Pulse Width   Slow    FDRE/C              n/a            0.500         2.000       1.500      SLICE_X13Y14   sum_reg[23]/C
Low Pulse Width   Slow    FDRE/C              n/a            0.500         2.000       1.500      SLICE_X10Y15   muxValid_d_reg/C
Low Pulse Width   Slow    FDRE/C              n/a            0.500         2.000       1.500      SLICE_X10Y15   muxValid_f_reg/C
Low Pulse Width   Slow    FDRE/C              n/a            0.500         2.000       1.500      SLICE_X11Y16   outvalid_reg/C
Low Pulse Width   Slow    FDRE/C              n/a            0.500         2.000       1.500      SLICE_X11Y16   outvalid_reg_lopt_replica/C
High Pulse Width  Fast    FDRE/C              n/a            0.500         2.000       1.500      SLICE_X10Y14   r_addr_reg[0]/C
High Pulse Width  Fast    FDRE/C              n/a            0.500         2.000       1.500      SLICE_X10Y14   r_addr_reg[1]/C
High Pulse Width  Fast    FDRE/C              n/a            0.500         2.000       1.500      SLICE_X10Y14   r_addr_reg[3]/C
High Pulse Width  Fast    FDRE/C              n/a            0.500         2.000       1.500      SLICE_X10Y14   r_addr_reg[4]/C
High Pulse Width  Fast    FDRE/C              n/a            0.500         2.000       1.500      SLICE_X11Y14   r_addr_reg[5]/C
High Pulse Width  Fast    FDRE/C              n/a            0.500         2.000       1.500      SLICE_X13Y19   sum_reg[16]/C
High Pulse Width  Fast    FDRE/C              n/a            0.500         2.000       1.500      SLICE_X13Y19   sum_reg[17]/C
High Pulse Width  Fast    FDRE/C              n/a            0.500         2.000       1.500      SLICE_X12Y19   sum_reg[18]/C
High Pulse Width  Fast    FDRE/C              n/a            0.500         2.000       1.500      SLICE_X13Y14   sum_reg[23]/C
High Pulse Width  Fast    FDRE/C              n/a            0.500         2.000       1.500      SLICE_X11Y17   mult_valid_reg/C



